src/admin/components/dashboard/RecentAlerts.tsx(2,39): error TS2307: Cannot find module '@heroicons/react/24/solid' or its corresponding type declarations.
src/admin/components/layout/Layout.tsx(13,8): error TS2307: Cannot find module '@heroicons/react/24/outline' or its corresponding type declarations.
src/admin/components/quiz/AdminStepSchedule.tsx(1,1): error TS6133: 'React' is declared but its value is never read.
src/admin/components/TopBar.tsx(3,48): error TS6133: 'Settings' is declared but its value is never read.
src/admin/pages/AdminModuleCreate.tsx(18,12): error TS6133: 'loading' is declared but its value is never read.
src/admin/pages/AdminQuizCreate.tsx(1,8): error TS6133: 'React' is declared but its value is never read.
src/admin/pages/AdminSelectType.tsx(1,8): error TS6133: 'React' is declared but its value is never read.
src/admin/pages/Dashboard.tsx(4,24): error TS6133: 'ArrowDownRight' is declared but its value is never read.
src/admin/pages/Dashboard.tsx(4,67): error TS6133: 'AlertCircle' is declared but its value is never read.
src/admin/pages/Dashboard.tsx(107,48): error TS6133: 'activityError' is declared but its value is never read.
src/admin/pages/Login.test.tsx(1,1): error TS6133: 'React' is declared but its value is never read.
src/admin/pages/Login.test.tsx(2,52): error TS2307: Cannot find module '@testing-library/react' or its corresponding type declarations.
src/admin/pages/Login.test.tsx(7,16): error TS2304: Cannot find name 'jest'.
src/admin/pages/Login.test.tsx(9,1): error TS2582: Cannot find name 'describe'. Do you need to install type definitions for a test runner? Try `npm i --save-dev @types/jest` or `npm i --save-dev @types/mocha`.
src/admin/pages/Login.test.tsx(10,5): error TS2304: Cannot find name 'beforeEach'.
src/admin/pages/Login.test.tsx(11,9): error TS2304: Cannot find name 'jest'.
src/admin/pages/Login.test.tsx(14,5): error TS2582: Cannot find name 'it'. Do you need to install type definitions for a test runner? Try `npm i --save-dev @types/jest` or `npm i --save-dev @types/mocha`.
src/admin/pages/Login.test.tsx(20,9): error TS2304: Cannot find name 'expect'.
src/admin/pages/Login.test.tsx(21,9): error TS2304: Cannot find name 'expect'.
src/admin/pages/Login.test.tsx(24,5): error TS2582: Cannot find name 'it'. Do you need to install type definitions for a test runner? Try `npm i --save-dev @types/jest` or `npm i --save-dev @types/mocha`.
src/admin/pages/Login.test.tsx(25,26): error TS2503: Cannot find namespace 'jest'.
src/admin/pages/Login.test.tsx(41,13): error TS2304: Cannot find name 'expect'.
src/admin/pages/Login.test.tsx(41,74): error TS2304: Cannot find name 'expect'.
src/admin/pages/Login.test.tsx(48,5): error TS2582: Cannot find name 'it'. Do you need to install type definitions for a test runner? Try `npm i --save-dev @types/jest` or `npm i --save-dev @types/mocha`.
src/admin/pages/Login.test.tsx(49,26): error TS2503: Cannot find namespace 'jest'.
src/admin/pages/Login.test.tsx(62,13): error TS2304: Cannot find name 'expect'.
src/admin/pages/ProblemRequests.tsx(2,26): error TS6133: 'MoreVertical' is declared but its value is never read.
src/admin/pages/Users.tsx(2,32): error TS6133: 'Check' is declared but its value is never read.
src/admin/pages/Users.tsx(2,42): error TS6133: 'Shield' is declared but its value is never read.
src/faculty/App.test.tsx(1,1): error TS6133: 'React' is declared but its value is never read.
src/faculty/App.test.tsx(2,32): error TS2307: Cannot find module '@testing-library/react' or its corresponding type declarations.
src/faculty/App.test.tsx(5,1): error TS2582: Cannot find name 'test'. Do you need to install type definitions for a test runner? Try `npm i --save-dev @types/jest` or `npm i --save-dev @types/mocha`.
src/faculty/App.test.tsx(8,5): error TS2304: Cannot find name 'expect'.
src/faculty/App.tsx(1,1): error TS6133: 'React' is declared but its value is never read.
src/faculty/App.tsx(20,7): error TS6133: 'QuizEdit' is declared but its value is never read.
src/faculty/App.tsx(21,7): error TS6133: 'QuizSchedule' is declared but its value is never read.
src/faculty/components/layout/HeaderOnlyLayout.tsx(1,1): error TS6133: 'React' is declared but its value is never read.
src/faculty/components/layout/Layout.tsx(1,8): error TS6133: 'React' is declared but its value is never read.
src/faculty/components/layout/Sidebar.tsx(1,1): error TS6133: 'React' is declared but its value is never read.
src/faculty/components/layout/Sidebar.tsx(8,5): error TS6133: 'User' is declared but its value is never read.
src/faculty/components/layout/Sidebar.tsx(10,5): error TS6133: 'X' is declared but its value is never read.
src/faculty/components/layout/Topbar.tsx(1,8): error TS6133: 'React' is declared but its value is never read.
src/faculty/components/layout/Topbar.tsx(14,11): error TS6133: 'user' is declared but its value is never read.
src/faculty/components/quiz/ExistingQuizBrowser.tsx(1,8): error TS6133: 'React' is declared but its value is never read.
src/faculty/components/quiz/ExistingQuizBrowser.tsx(118,48): error TS6133: 'quizError' is declared but its value is never read.
src/faculty/components/quiz/ExistingQuizBrowser.tsx(332,64): error TS6133: 'idx' is declared but its value is never read.
src/faculty/components/quiz/StepImport.tsx(1,8): error TS6133: 'React' is declared but its value is never read.
src/faculty/components/quiz/StepImport.tsx(4,10): error TS6133: 'Upload' is declared but its value is never read.
src/faculty/components/quiz/StepImport.tsx(4,50): error TS6133: 'CheckCircle2' is declared but its value is never read.
src/faculty/components/quiz/StepImport.tsx(5,1): error TS6133: 'Button' is declared but its value is never read.
src/faculty/components/quiz/StepImport.tsx(6,1): error TS6133: 'Card' is declared but its value is never read.
src/faculty/components/quiz/StepMetadata.tsx(1,1): error TS6133: 'React' is declared but its value is never read.
src/faculty/components/quiz/StepMetadata.tsx(3,1): error TS6192: All imports in import declaration are unused.
src/faculty/components/quiz/StepPreview.tsx(1,1): error TS6133: 'React' is declared but its value is never read.
src/faculty/components/quiz/StepPreview.tsx(3,41): error TS6133: 'CardTitle' is declared but its value is never read.
src/faculty/components/quiz/StepQuestions.tsx(1,8): error TS6133: 'React' is declared but its value is never read.
src/faculty/components/quiz/StepQuestions.tsx(2,138): error TS6133: 'Code2' is declared but its value is never read.
src/faculty/components/quiz/StepSchedule.tsx(1,8): error TS6133: 'React' is declared but its value is never read.
src/faculty/components/quiz/StepSchedule.tsx(2,67): error TS6133: 'Play' is declared but its value is never read.
src/faculty/components/quiz/StepSchedule.tsx(2,73): error TS6133: 'AlertCircle' is declared but its value is never read.
src/faculty/components/quiz/StepSchedule.tsx(7,1): error TS6133: 'supabase' is declared but its value is never read.
src/faculty/components/quiz/StepType.tsx(1,1): error TS6133: 'React' is declared but its value is never read.
src/faculty/context/AuthContext.tsx(1,54): error TS6133: 'useEffect' is declared but its value is never read.
src/faculty/e2e/example.spec.ts(1,30): error TS2307: Cannot find module '@playwright/test' or its corresponding type declarations.
src/faculty/e2e/example.spec.ts(3,36): error TS7031: Binding element 'page' implicitly has an 'any' type.
src/faculty/mocks/handlers.ts(23,56): error TS6133: 'params' is declared but its value is never read.
src/faculty/mocks/handlers.ts(29,64): error TS6133: 'request' is declared but its value is never read.
src/faculty/mocks/handlers.ts(78,13): error TS2322: Type '"published"' is not assignable to type '"active" | "completed" | "draft" | "paused"'.
src/faculty/mocks/handlers.ts(90,58): error TS6133: 'params' is declared but its value is never read.
src/faculty/mocks/handlers.ts(96,60): error TS6133: 'params' is declared but its value is never read.
src/faculty/mocks/handlers.ts(98,15): error TS6198: All destructured elements are unused.
src/faculty/mocks/seeds.ts(4,7): error TS2739: Type '{ id: string; name: string; email: string; department: string; verified: true; lastActive: string; }' is missing the following properties from type 'Faculty': role, createdAt, updatedAt
src/faculty/mocks/seeds.ts(46,9): error TS2322: Type '"published"' is not assignable to type '"active" | "completed" | "draft" | "paused"'.
src/faculty/mocks/seeds.ts(62,9): error TS2322: Type '"published"' is not assignable to type '"active" | "completed" | "draft" | "paused"'.
src/faculty/pages/Analytics.tsx(1,8): error TS6133: 'React' is declared but its value is never read.
src/faculty/pages/Analytics.tsx(16,35): error TS6133: 'Award' is declared but its value is never read.
src/faculty/pages/Global.tsx(1,8): error TS6133: 'React' is declared but its value is never read.
src/faculty/pages/Global.tsx(56,27): error TS6133: 'error' is declared but its value is never read.
src/faculty/pages/Gradebook.tsx(1,8): error TS6133: 'React' is declared but its value is never read.
src/faculty/pages/Gradebook.tsx(4,23): error TS6133: 'XCircle' is declared but its value is never read.
src/faculty/pages/Login.tsx(1,8): error TS6133: 'React' is declared but its value is never read.
src/faculty/pages/Login.tsx(5,10): error TS6133: 'Lock' is declared but its value is never read.
src/faculty/pages/Master.tsx(5,91): error TS6133: 'Play' is declared but its value is never read.
src/faculty/pages/Profile.tsx(1,8): error TS6133: 'React' is declared but its value is never read.
src/faculty/pages/Profile.tsx(4,1): error TS6133: 'Input' is declared but its value is never read.
src/faculty/pages/Profile.tsx(6,10): error TS6133: 'User' is declared but its value is never read.
src/homepage/components/SkeletonCard.tsx(1,1): error TS6133: 'React' is declared but its value is never read.
src/homepage/main.tsx(5,31): error TS2307: Cannot find module './context/ThemeContext.tsx' or its corresponding type declarations.
src/homepage/ModuleDetails.tsx(1,8): error TS6133: 'React' is declared but its value is never read.
src/homepage/ModuleDetails.tsx(3,73): error TS6133: 'Calendar' is declared but its value is never read.
src/homepage/ModuleDetails.tsx(5,1): error TS6133: 'Card' is declared but its value is never read.
src/login/App.tsx(1,1): error TS6133: 'React' is declared but its value is never read.
src/login/components/layout/LoginTopbar.tsx(1,1): error TS6133: 'React' is declared but its value is never read.
src/login/pages/ForgotPassword.tsx(2,8): error TS6133: 'React' is declared but its value is never read.
src/login/pages/ForgotPassword.tsx(16,11): error TS6133: 'navigate' is declared but its value is never read.
src/login/pages/Login.tsx(3,23): error TS6133: 'useLocation' is declared but its value is never read.
src/login/pages/Login.tsx(4,30): error TS6133: 'UserIcon' is declared but its value is never read.
src/login/pages/Onboarding.tsx(5,33): error TS6133: 'Check' is declared but its value is never read.
src/login/pages/Onboarding.tsx(110,42): error TS2339: Property 'user_metadata' does not exist on type 'User'.
src/login/pages/Onboarding.tsx(110,76): error TS2339: Property 'user_metadata' does not exist on type 'User'.
src/login/pages/Onboarding.tsx(127,21): error TS2367: This comparison appears to be unintentional because the types '"student" | "teacher"' and '"admin"' have no overlap.
src/login/pages/Onboarding.tsx(128,26): error TS2367: This comparison appears to be unintentional because the types '"student" | "teacher"' and '"faculty"' have no overlap.
src/shared/api/client.ts(1,19): error TS2307: Cannot find module 'axios' or its corresponding type declarations.
src/shared/api/client.ts(13,6): error TS7006: Parameter 'config' implicitly has an 'any' type.
src/shared/api/client.ts(20,6): error TS7006: Parameter 'error' implicitly has an 'any' type.
src/shared/api/mockAuth.ts(32,9): error TS18048: 'u.name' is possibly 'undefined'.
src/shared/components/Calculator.tsx(11,11): error TS6133: 'theme' is declared but its value is never read.
src/shared/components/InstallPwaPopup.tsx(2,23): error TS6133: 'Smartphone' is declared but its value is never read.
src/shared/components/InstallPwaPopup.tsx(2,35): error TS6133: 'Monitor' is declared but its value is never read.
src/shared/components/Navbar.tsx(1,1): error TS6133: 'React' is declared but its value is never read.
src/student/components/layout/Layout.tsx(1,8): error TS6133: 'React' is declared but its value is never read.
src/student/components/layout/Sidebar.tsx(1,1): error TS6133: 'React' is declared but its value is never read.
src/student/components/QuizTimer.tsx(1,8): error TS6133: 'React' is declared but its value is never read.
src/student/pages/Dashboard.tsx(1,8): error TS6133: 'React' is declared but its value is never read.
src/student/pages/Dashboard.tsx(2,1): error TS6133: 'Card' is declared but its value is never read.
src/student/pages/FlashCards.tsx(1,8): error TS6133: 'React' is declared but its value is never read.
src/student/pages/FlashCards.tsx(4,51): error TS6133: 'ZoomIn' is declared but its value is never read.
src/student/pages/games/DailyGame.tsx(1,8): error TS6133: 'React' is declared but its value is never read.
src/student/pages/games/DailyGame.tsx(3,21): error TS6133: 'Check' is declared but its value is never read.
src/student/pages/games/DailyGame.tsx(3,28): error TS6133: 'X' is declared but its value is never read.
src/student/pages/games/DailyGame.tsx(4,49): error TS6133: 'ChallengeQuestion' is declared but its value is never read.
src/student/pages/games/DailyGame.tsx(5,10): error TS6133: 'getFlashCardState' is declared but its value is never read.
src/student/pages/games/DebuggerGame.tsx(1,8): error TS6133: 'React' is declared but its value is never read.
src/student/pages/games/FlashCardGame.tsx(1,8): error TS6133: 'React' is declared but its value is never read.
src/student/pages/games/FlashCardGame.tsx(6,21): error TS6133: 'Check' is declared but its value is never read.
src/student/pages/games/FlashCardGame.tsx(6,50): error TS6133: 'AlertTriangle' is declared but its value is never read.
src/student/pages/games/PuzzleGame.tsx(1,8): error TS6133: 'React' is declared but its value is never read.
src/student/pages/games/RapidFireGame.tsx(1,8): error TS6133: 'React' is declared but its value is never read.
src/student/pages/games/RapidFireGame.tsx(3,50): error TS6133: 'CheckCircle2' is declared but its value is never read.
src/student/pages/games/RapidFireGame.tsx(3,64): error TS6133: 'XCircle' is declared but its value is never read.
src/student/pages/MCQTest.tsx(1,8): error TS6133: 'React' is declared but its value is never read.
src/student/pages/MCQTest.tsx(5,30): error TS6133: 'Maximize2' is declared but its value is never read.
src/student/pages/MCQTest.tsx(5,93): error TS6133: 'Clock' is declared but its value is never read.
src/student/pages/MCQTest.tsx(148,9): error TS6133: 'remainingStrikes' is declared but its value is never read.
src/student/pages/PracticeList.tsx(3,1): error TS6133: 'Card' is declared but its value is never read.
src/student/pages/PracticeList.tsx(7,20): error TS6133: 'ArrowRight' is declared but its value is never read.
src/student/pages/PracticeList.tsx(7,40): error TS6133: 'AlertCircle' is declared but its value is never read.
src/student/pages/QuizDetails.tsx(1,8): error TS6133: 'React' is declared but its value is never read.
src/student/pages/QuizDetails.tsx(3,1): error TS6133: 'Button' is declared but its value is never read.
src/student/pages/QuizDetails.tsx(18,12): error TS6133: 'userRating' is declared but its value is never read.
src/student/pages/QuizDetails.tsx(126,11): error TS6133: 'handleRating' is declared but its value is never read.
src/student/pages/StudentGame.tsx(1,8): error TS6133: 'React' is declared but its value is never read.
src/student/pages/StudentGame.tsx(15,12): error TS6133: 'flashCardScore' is declared but its value is never read.
src/student/pages/StudentLiveQuiz.tsx(18,12): error TS6133: 'quiz' is declared but its value is never read.
src/student/pages/TestSetup.tsx(1,1): error TS6133: 'React' is declared but its value is never read.
